<?xml version="1.0" encoding="UTF-8"?>
<!-- Generated by org.testng.reporters.JUnitReportReporter -->
<testsuite skipped="0" hostname="Puchu-PC" name="testsuite.Smoke" tests="1" failures="0" timestamp="30 Apr 2020 04:23:50 GMT" time="2.660" errors="0">
  <testcase name="testScore1" time="2.660" classname="testsuite.Smoke"/>
</testsuite> <!-- testsuite.Smoke -->
